[19-Sep-2021 03:39:16] NOTICE: fpm is running, pid 18
[19-Sep-2021 03:39:16] NOTICE: ready to handle connections
[19-Sep-2021 03:39:16] NOTICE: systemd monitor interval set to 10000ms
[19-Sep-2021 03:43:57] NOTICE: fpm is running, pid 18
[19-Sep-2021 03:43:57] NOTICE: ready to handle connections
[19-Sep-2021 03:43:57] NOTICE: systemd monitor interval set to 10000ms
[19-Sep-2021 03:45:05] NOTICE: fpm is running, pid 19
[19-Sep-2021 03:45:05] NOTICE: ready to handle connections
[19-Sep-2021 03:45:05] NOTICE: systemd monitor interval set to 10000ms
[19-Sep-2021 03:51:07] NOTICE: fpm is running, pid 17
[19-Sep-2021 03:51:07] NOTICE: ready to handle connections
[19-Sep-2021 03:51:07] NOTICE: systemd monitor interval set to 10000ms
[19-Sep-2021 04:51:25] NOTICE: fpm is running, pid 19
[19-Sep-2021 04:51:25] NOTICE: ready to handle connections
[19-Sep-2021 04:51:25] NOTICE: systemd monitor interval set to 10000ms
[19-Sep-2021 07:42:57] NOTICE: fpm is running, pid 17
[19-Sep-2021 07:42:57] NOTICE: ready to handle connections
[19-Sep-2021 07:42:57] NOTICE: systemd monitor interval set to 10000ms
[19-Sep-2021 07:44:22] NOTICE: Terminating ...
[19-Sep-2021 07:44:22] NOTICE: exiting, bye-bye!
[19-Sep-2021 07:46:26] NOTICE: fpm is running, pid 18
[19-Sep-2021 07:46:26] NOTICE: ready to handle connections
[19-Sep-2021 07:46:26] NOTICE: systemd monitor interval set to 10000ms
[19-Sep-2021 07:48:06] NOTICE: fpm is running, pid 19
[19-Sep-2021 07:48:06] NOTICE: ready to handle connections
[19-Sep-2021 07:48:06] NOTICE: systemd monitor interval set to 10000ms
[19-Sep-2021 08:04:53] NOTICE: fpm is running, pid 17
[19-Sep-2021 08:04:53] NOTICE: ready to handle connections
[19-Sep-2021 08:04:53] NOTICE: systemd monitor interval set to 10000ms
[19-Sep-2021 08:06:26] NOTICE: fpm is running, pid 19
[19-Sep-2021 08:06:26] NOTICE: ready to handle connections
[19-Sep-2021 08:06:26] NOTICE: systemd monitor interval set to 10000ms
[19-Sep-2021 08:07:26] NOTICE: fpm is running, pid 17
[19-Sep-2021 08:07:26] NOTICE: ready to handle connections
[19-Sep-2021 08:07:26] NOTICE: systemd monitor interval set to 10000ms
[19-Sep-2021 08:08:34] NOTICE: fpm is running, pid 17
[19-Sep-2021 08:08:34] NOTICE: ready to handle connections
[19-Sep-2021 08:08:34] NOTICE: systemd monitor interval set to 10000ms
[19-Sep-2021 08:08:57] NOTICE: fpm is running, pid 17
[19-Sep-2021 08:08:57] NOTICE: ready to handle connections
[19-Sep-2021 08:08:57] NOTICE: systemd monitor interval set to 10000ms
[19-Sep-2021 08:21:15] NOTICE: fpm is running, pid 17
[19-Sep-2021 08:21:15] NOTICE: ready to handle connections
[19-Sep-2021 08:21:15] NOTICE: systemd monitor interval set to 10000ms
[19-Sep-2021 08:22:08] WARNING: [pool www] child 23 said into stderr: "NOTICE: PHP message: PHP Warning:  require(/var/www/html/public/../vendor/autoload.php): failed to open stream: No such file or directory in /var/www/html/public/index.php on line 34"
[19-Sep-2021 08:22:08] WARNING: [pool www] child 23 said into stderr: "NOTICE: PHP message: PHP Fatal error:  require(): Failed opening required '/var/www/html/public/../vendor/autoload.php' (include_path='.:/usr/share/php') in /var/www/html/public/index.php on line 34"
[19-Sep-2021 08:22:08] WARNING: [pool www] child 24 said into stderr: "NOTICE: PHP message: PHP Warning:  require(/var/www/html/public/../vendor/autoload.php): failed to open stream: No such file or directory in /var/www/html/public/index.php on line 34"
[19-Sep-2021 08:22:08] WARNING: [pool www] child 24 said into stderr: "NOTICE: PHP message: PHP Fatal error:  require(): Failed opening required '/var/www/html/public/../vendor/autoload.php' (include_path='.:/usr/share/php') in /var/www/html/public/index.php on line 34"
[19-Sep-2021 08:22:08] WARNING: [pool www] child 25 said into stderr: "NOTICE: PHP message: PHP Warning:  require(/var/www/html/public/../vendor/autoload.php): failed to open stream: No such file or directory in /var/www/html/public/index.php on line 34"
[19-Sep-2021 08:22:08] WARNING: [pool www] child 25 said into stderr: "NOTICE: PHP message: PHP Fatal error:  require(): Failed opening required '/var/www/html/public/../vendor/autoload.php' (include_path='.:/usr/share/php') in /var/www/html/public/index.php on line 34"
[19-Sep-2021 08:22:55] NOTICE: fpm is running, pid 19
[19-Sep-2021 08:22:55] NOTICE: ready to handle connections
[19-Sep-2021 08:22:55] NOTICE: systemd monitor interval set to 10000ms
[19-Sep-2021 08:23:00] WARNING: [pool www] child 25 said into stderr: "NOTICE: PHP message: PHP Warning:  require(/var/www/html/public/../vendor/autoload.php): failed to open stream: No such file or directory in /var/www/html/public/index.php on line 34"
[19-Sep-2021 08:23:00] WARNING: [pool www] child 25 said into stderr: "NOTICE: PHP message: PHP Fatal error:  require(): Failed opening required '/var/www/html/public/../vendor/autoload.php' (include_path='.:/usr/share/php') in /var/www/html/public/index.php on line 34"
[19-Sep-2021 08:23:01] WARNING: [pool www] child 26 said into stderr: "NOTICE: PHP message: PHP Warning:  require(/var/www/html/public/../vendor/autoload.php): failed to open stream: No such file or directory in /var/www/html/public/index.php on line 34"
[19-Sep-2021 08:23:01] WARNING: [pool www] child 26 said into stderr: "NOTICE: PHP message: PHP Fatal error:  require(): Failed opening required '/var/www/html/public/../vendor/autoload.php' (include_path='.:/usr/share/php') in /var/www/html/public/index.php on line 34"
[19-Sep-2021 08:23:01] WARNING: [pool www] child 27 said into stderr: "NOTICE: PHP message: PHP Warning:  require(/var/www/html/public/../vendor/autoload.php): failed to open stream: No such file or directory in /var/www/html/public/index.php on line 34"
[19-Sep-2021 08:23:01] WARNING: [pool www] child 27 said into stderr: "NOTICE: PHP message: PHP Fatal error:  require(): Failed opening required '/var/www/html/public/../vendor/autoload.php' (include_path='.:/usr/share/php') in /var/www/html/public/index.php on line 34"
[19-Sep-2021 08:23:01] WARNING: [pool www] child 25 said into stderr: "NOTICE: PHP message: PHP Warning:  require(/var/www/html/public/../vendor/autoload.php): failed to open stream: No such file or directory in /var/www/html/public/index.php on line 34"
[19-Sep-2021 08:23:01] WARNING: [pool www] child 25 said into stderr: "NOTICE: PHP message: PHP Fatal error:  require(): Failed opening required '/var/www/html/public/../vendor/autoload.php' (include_path='.:/usr/share/php') in /var/www/html/public/index.php on line 34"
[19-Sep-2021 08:23:01] WARNING: [pool www] child 26 said into stderr: "NOTICE: PHP message: PHP Warning:  require(/var/www/html/public/../vendor/autoload.php): failed to open stream: No such file or directory in /var/www/html/public/index.php on line 34"
[19-Sep-2021 08:23:01] WARNING: [pool www] child 26 said into stderr: "NOTICE: PHP message: PHP Fatal error:  require(): Failed opening required '/var/www/html/public/../vendor/autoload.php' (include_path='.:/usr/share/php') in /var/www/html/public/index.php on line 34"
[19-Sep-2021 08:23:01] WARNING: [pool www] child 27 said into stderr: "NOTICE: PHP message: PHP Warning:  require(/var/www/html/public/../vendor/autoload.php): failed to open stream: No such file or directory in /var/www/html/public/index.php on line 34"
[19-Sep-2021 08:23:01] WARNING: [pool www] child 27 said into stderr: "NOTICE: PHP message: PHP Fatal error:  require(): Failed opening required '/var/www/html/public/../vendor/autoload.php' (include_path='.:/usr/share/php') in /var/www/html/public/index.php on line 34"
[19-Sep-2021 08:23:02] WARNING: [pool www] child 25 said into stderr: "NOTICE: PHP message: PHP Warning:  require(/var/www/html/public/../vendor/autoload.php): failed to open stream: No such file or directory in /var/www/html/public/index.php on line 34"
[19-Sep-2021 08:23:02] WARNING: [pool www] child 25 said into stderr: "NOTICE: PHP message: PHP Fatal error:  require(): Failed opening required '/var/www/html/public/../vendor/autoload.php' (include_path='.:/usr/share/php') in /var/www/html/public/index.php on line 34"
[19-Sep-2021 08:23:02] WARNING: [pool www] child 26 said into stderr: "NOTICE: PHP message: PHP Warning:  require(/var/www/html/public/../vendor/autoload.php): failed to open stream: No such file or directory in /var/www/html/public/index.php on line 34"
[19-Sep-2021 08:23:02] WARNING: [pool www] child 26 said into stderr: "NOTICE: PHP message: PHP Fatal error:  require(): Failed opening required '/var/www/html/public/../vendor/autoload.php' (include_path='.:/usr/share/php') in /var/www/html/public/index.php on line 34"
[19-Sep-2021 08:23:02] WARNING: [pool www] child 27 said into stderr: "NOTICE: PHP message: PHP Warning:  require(/var/www/html/public/../vendor/autoload.php): failed to open stream: No such file or directory in /var/www/html/public/index.php on line 34"
[19-Sep-2021 08:23:02] WARNING: [pool www] child 27 said into stderr: "NOTICE: PHP message: PHP Fatal error:  require(): Failed opening required '/var/www/html/public/../vendor/autoload.php' (include_path='.:/usr/share/php') in /var/www/html/public/index.php on line 34"
[19-Sep-2021 08:23:04] WARNING: [pool www] child 25 said into stderr: "NOTICE: PHP message: PHP Warning:  require(/var/www/html/public/../vendor/autoload.php): failed to open stream: No such file or directory in /var/www/html/public/index.php on line 34"
[19-Sep-2021 08:23:04] WARNING: [pool www] child 25 said into stderr: "NOTICE: PHP message: PHP Fatal error:  require(): Failed opening required '/var/www/html/public/../vendor/autoload.php' (include_path='.:/usr/share/php') in /var/www/html/public/index.php on line 34"
